[Sun Apr 16 15:33:24 2023] [9008:18864] [error] extension_fix::jk_uri_worker_map.c (579): Could not find worker with name 'ajp13' in uri map post processing.
[Sun Apr 16 15:33:24 2023] [9008:18864] [error] extension_fix::jk_uri_worker_map.c (579): Could not find worker with name 'ajp13' in uri map post processing.
[Sun Apr 16 15:33:24 2023] [9008:18864] [error] extension_fix::jk_uri_worker_map.c (579): Could not find worker with name 'ajp13' in uri map post processing.
[Sun Apr 16 15:33:24 2023] [9008:18864] [error] extension_fix::jk_uri_worker_map.c (579): Could not find worker with name 'ajp13' in uri map post processing.
[Sun Apr 16 15:33:24 2023] [9008:18864] [error] extension_fix::jk_uri_worker_map.c (579): Could not find worker with name 'ajp13' in uri map post processing.
[Sun Apr 16 15:33:24 2023] [9008:18864] [error] extension_fix::jk_uri_worker_map.c (579): Could not find worker with name 'ajp13' in uri map post processing.
[Sun Apr 16 15:33:24 2023] [9008:18864] [error] extension_fix::jk_uri_worker_map.c (579): Could not find worker with name 'ajp13' in uri map post processing.
[Sun Apr 16 15:33:24 2023] [9008:18864] [error] extension_fix::jk_uri_worker_map.c (579): Could not find worker with name 'ajp13' in uri map post processing.
[Sun Apr 16 15:33:24 2023] [9008:18864] [error] extension_fix::jk_uri_worker_map.c (579): Could not find worker with name 'ajp13' in uri map post processing.
[Sun Apr 16 15:33:24 2023] [9008:18864] [error] extension_fix::jk_uri_worker_map.c (579): Could not find worker with name 'ajp13' in uri map post processing.
[Sun Apr 16 15:33:24 2023] [9008:18864] [error] extension_fix::jk_uri_worker_map.c (579): Could not find worker with name 'ajp13' in uri map post processing.
[Sun Apr 16 15:33:24 2023] [9008:18864] [error] extension_fix::jk_uri_worker_map.c (579): Could not find worker with name 'ajp13' in uri map post processing.
[Sun Apr 16 15:33:24 2023] [9008:18864] [error] extension_fix::jk_uri_worker_map.c (579): Could not find worker with name 'ajp13' in uri map post processing.
[Sun Apr 16 15:33:24 2023] [9008:18864] [error] extension_fix::jk_uri_worker_map.c (579): Could not find worker with name 'ajp13' in uri map post processing.
[Sun Apr 16 15:33:24 2023] [9008:18864] [error] extension_fix::jk_uri_worker_map.c (579): Could not find worker with name 'ajp13' in uri map post processing.
[Sun Apr 16 15:33:24 2023] [9008:18864] [error] extension_fix::jk_uri_worker_map.c (579): Could not find worker with name 'ajp13' in uri map post processing.
[Sun Apr 16 15:33:24 2023] [344:14448] [error] extension_fix::jk_uri_worker_map.c (579): Could not find worker with name 'ajp13' in uri map post processing.
[Sun Apr 16 15:33:24 2023] [344:14448] [error] extension_fix::jk_uri_worker_map.c (579): Could not find worker with name 'ajp13' in uri map post processing.
[Sun Apr 16 15:33:24 2023] [344:14448] [error] extension_fix::jk_uri_worker_map.c (579): Could not find worker with name 'ajp13' in uri map post processing.
[Sun Apr 16 15:33:24 2023] [344:14448] [error] extension_fix::jk_uri_worker_map.c (579): Could not find worker with name 'ajp13' in uri map post processing.
[Sun Apr 16 15:33:24 2023] [344:14448] [error] extension_fix::jk_uri_worker_map.c (579): Could not find worker with name 'ajp13' in uri map post processing.
[Sun Apr 16 15:33:24 2023] [344:14448] [error] extension_fix::jk_uri_worker_map.c (579): Could not find worker with name 'ajp13' in uri map post processing.
[Sun Apr 16 15:33:24 2023] [344:14448] [error] extension_fix::jk_uri_worker_map.c (579): Could not find worker with name 'ajp13' in uri map post processing.
[Sun Apr 16 15:33:24 2023] [344:14448] [error] extension_fix::jk_uri_worker_map.c (579): Could not find worker with name 'ajp13' in uri map post processing.
[Sun Apr 16 15:33:24 2023] [344:14448] [error] extension_fix::jk_uri_worker_map.c (579): Could not find worker with name 'ajp13' in uri map post processing.
[Sun Apr 16 15:33:24 2023] [344:14448] [error] extension_fix::jk_uri_worker_map.c (579): Could not find worker with name 'ajp13' in uri map post processing.
[Sun Apr 16 15:33:24 2023] [344:14448] [error] extension_fix::jk_uri_worker_map.c (579): Could not find worker with name 'ajp13' in uri map post processing.
[Sun Apr 16 15:33:24 2023] [344:14448] [error] extension_fix::jk_uri_worker_map.c (579): Could not find worker with name 'ajp13' in uri map post processing.
[Sun Apr 16 15:33:24 2023] [344:14448] [error] extension_fix::jk_uri_worker_map.c (579): Could not find worker with name 'ajp13' in uri map post processing.
[Sun Apr 16 15:33:24 2023] [344:14448] [error] extension_fix::jk_uri_worker_map.c (579): Could not find worker with name 'ajp13' in uri map post processing.
[Sun Apr 16 15:33:24 2023] [344:14448] [error] extension_fix::jk_uri_worker_map.c (579): Could not find worker with name 'ajp13' in uri map post processing.
[Sun Apr 16 15:33:24 2023] [344:14448] [error] extension_fix::jk_uri_worker_map.c (579): Could not find worker with name 'ajp13' in uri map post processing.
[Sun Apr 16 15:33:28 2023] ajp13 localhost -
[Sun Apr 16 15:34:47 2023] ajp13 localhost -
[Sun Apr 16 15:36:25 2023] ajp13 localhost -
[Sun Apr 16 15:45:03 2023] [15116:12316] [error] extension_fix::jk_uri_worker_map.c (579): Could not find worker with name 'ajp13' in uri map post processing.
[Sun Apr 16 15:45:03 2023] [15116:12316] [error] extension_fix::jk_uri_worker_map.c (579): Could not find worker with name 'ajp13' in uri map post processing.
[Sun Apr 16 15:45:03 2023] [15116:12316] [error] extension_fix::jk_uri_worker_map.c (579): Could not find worker with name 'ajp13' in uri map post processing.
[Sun Apr 16 15:45:03 2023] [15116:12316] [error] extension_fix::jk_uri_worker_map.c (579): Could not find worker with name 'ajp13' in uri map post processing.
[Sun Apr 16 15:45:03 2023] [15116:12316] [error] extension_fix::jk_uri_worker_map.c (579): Could not find worker with name 'ajp13' in uri map post processing.
[Sun Apr 16 15:45:03 2023] [15116:12316] [error] extension_fix::jk_uri_worker_map.c (579): Could not find worker with name 'ajp13' in uri map post processing.
[Sun Apr 16 15:45:03 2023] [15116:12316] [error] extension_fix::jk_uri_worker_map.c (579): Could not find worker with name 'ajp13' in uri map post processing.
[Sun Apr 16 15:45:03 2023] [15116:12316] [error] extension_fix::jk_uri_worker_map.c (579): Could not find worker with name 'ajp13' in uri map post processing.
[Sun Apr 16 15:45:03 2023] [15116:12316] [error] extension_fix::jk_uri_worker_map.c (579): Could not find worker with name 'ajp13' in uri map post processing.
[Sun Apr 16 15:45:03 2023] [15116:12316] [error] extension_fix::jk_uri_worker_map.c (579): Could not find worker with name 'ajp13' in uri map post processing.
[Sun Apr 16 15:45:03 2023] [15116:12316] [error] extension_fix::jk_uri_worker_map.c (579): Could not find worker with name 'ajp13' in uri map post processing.
[Sun Apr 16 15:45:03 2023] [15116:12316] [error] extension_fix::jk_uri_worker_map.c (579): Could not find worker with name 'ajp13' in uri map post processing.
[Sun Apr 16 15:45:03 2023] [15116:12316] [error] extension_fix::jk_uri_worker_map.c (579): Could not find worker with name 'ajp13' in uri map post processing.
[Sun Apr 16 15:45:03 2023] [15116:12316] [error] extension_fix::jk_uri_worker_map.c (579): Could not find worker with name 'ajp13' in uri map post processing.
[Sun Apr 16 15:45:03 2023] [15116:12316] [error] extension_fix::jk_uri_worker_map.c (579): Could not find worker with name 'ajp13' in uri map post processing.
[Sun Apr 16 15:45:03 2023] [15116:12316] [error] extension_fix::jk_uri_worker_map.c (579): Could not find worker with name 'ajp13' in uri map post processing.
[Sun Apr 16 15:45:03 2023] [16852:12268] [error] extension_fix::jk_uri_worker_map.c (579): Could not find worker with name 'ajp13' in uri map post processing.
[Sun Apr 16 15:45:03 2023] [16852:12268] [error] extension_fix::jk_uri_worker_map.c (579): Could not find worker with name 'ajp13' in uri map post processing.
[Sun Apr 16 15:45:03 2023] [16852:12268] [error] extension_fix::jk_uri_worker_map.c (579): Could not find worker with name 'ajp13' in uri map post processing.
[Sun Apr 16 15:45:03 2023] [16852:12268] [error] extension_fix::jk_uri_worker_map.c (579): Could not find worker with name 'ajp13' in uri map post processing.
[Sun Apr 16 15:45:03 2023] [16852:12268] [error] extension_fix::jk_uri_worker_map.c (579): Could not find worker with name 'ajp13' in uri map post processing.
[Sun Apr 16 15:45:03 2023] [16852:12268] [error] extension_fix::jk_uri_worker_map.c (579): Could not find worker with name 'ajp13' in uri map post processing.
[Sun Apr 16 15:45:03 2023] [16852:12268] [error] extension_fix::jk_uri_worker_map.c (579): Could not find worker with name 'ajp13' in uri map post processing.
[Sun Apr 16 15:45:03 2023] [16852:12268] [error] extension_fix::jk_uri_worker_map.c (579): Could not find worker with name 'ajp13' in uri map post processing.
[Sun Apr 16 15:45:03 2023] [16852:12268] [error] extension_fix::jk_uri_worker_map.c (579): Could not find worker with name 'ajp13' in uri map post processing.
[Sun Apr 16 15:45:03 2023] [16852:12268] [error] extension_fix::jk_uri_worker_map.c (579): Could not find worker with name 'ajp13' in uri map post processing.
[Sun Apr 16 15:45:03 2023] [16852:12268] [error] extension_fix::jk_uri_worker_map.c (579): Could not find worker with name 'ajp13' in uri map post processing.
[Sun Apr 16 15:45:03 2023] [16852:12268] [error] extension_fix::jk_uri_worker_map.c (579): Could not find worker with name 'ajp13' in uri map post processing.
[Sun Apr 16 15:45:03 2023] [16852:12268] [error] extension_fix::jk_uri_worker_map.c (579): Could not find worker with name 'ajp13' in uri map post processing.
[Sun Apr 16 15:45:03 2023] [16852:12268] [error] extension_fix::jk_uri_worker_map.c (579): Could not find worker with name 'ajp13' in uri map post processing.
[Sun Apr 16 15:45:03 2023] [16852:12268] [error] extension_fix::jk_uri_worker_map.c (579): Could not find worker with name 'ajp13' in uri map post processing.
[Sun Apr 16 15:45:03 2023] [16852:12268] [error] extension_fix::jk_uri_worker_map.c (579): Could not find worker with name 'ajp13' in uri map post processing.
[Sun Apr 16 15:45:09 2023] ajp13 localhost -
[Sun Apr 16 16:00:43 2023] worker1 localhost 0.873236
[Sun Apr 16 16:00:53 2023] worker1 localhost 0.005059
[Sun Apr 16 16:00:54 2023] worker1 localhost 0.003001
[Sun Apr 16 16:02:08 2023] worker1 localhost 0.003001
[Sun Apr 16 16:06:43 2023] worker1 localhost 0.346692
[Sun Apr 16 16:06:57 2023] worker1 localhost 0.008941
[Sun Apr 16 16:07:10 2023] worker1 localhost 0.219508
[Sun Apr 16 16:07:17 2023] worker1 localhost 0.007000
[Sun Apr 16 16:07:18 2023] worker1 localhost 0.002000
[Sun Apr 16 16:07:31 2023] worker1 localhost 0.215734
[Sun Apr 16 16:08:31 2023] worker1 localhost 0.013006
[Sun Apr 16 16:08:41 2023] worker1 localhost 0.212896
[Sun Apr 16 16:08:59 2023] worker1 localhost 0.232444
[Sun Apr 16 16:09:05 2023] worker1 localhost 0.106276
[Sun Apr 16 16:09:25 2023] worker1 localhost 0.219804
[Sun Apr 16 16:09:39 2023] worker1 localhost 0.009026
[Sun Apr 16 16:12:00 2023] worker1 localhost 0.008002
[Sun Apr 16 16:15:50 2023] worker1 localhost 0.007001
[Sun Apr 16 16:16:04 2023] worker1 localhost 0.301575
[Sun Apr 16 16:20:20 2023] worker1 localhost 0.121039
[Sun Apr 16 16:20:46 2023] worker1 localhost 1.125922
[Sun Apr 16 16:21:49 2023] worker1 localhost 0.497534
[Sun Apr 16 17:31:31 2023] worker1 localhost 0.082338
[Sun Apr 16 17:36:03 2023] worker1 localhost 0.002002
[Sun Apr 16 17:36:47 2023] worker1 localhost 0.004000
[Sun Apr 16 17:37:54 2023] worker1 localhost 0.003079
[Sun Apr 16 17:37:56 2023] worker1 localhost 0.001945
[Sun Apr 16 17:38:52 2023] worker1 localhost 3.619899
[Sun Apr 16 18:06:38 2023] worker1 localhost 0.638146
[Sun Apr 16 18:06:38 2023] worker1 localhost 0.010854
[Sun Apr 16 18:07:52 2023] worker1 localhost 0.005079
[Sun Apr 16 18:07:52 2023] worker1 localhost 0.004000
[Sun Apr 16 18:07:52 2023] worker1 localhost 0.002000
[Sun Apr 16 18:07:52 2023] worker1 localhost 0.002002
[Sun Apr 16 18:08:18 2023] worker1 localhost 0.010002
[Sun Apr 16 18:08:18 2023] worker1 localhost 0.025005
[Sun Apr 16 18:08:18 2023] worker1 localhost 0.028008
[Sun Apr 16 18:08:18 2023] worker1 localhost 0.023005
[Sun Apr 16 18:09:31 2023] worker1 localhost 0.007001
[Sun Apr 16 18:09:31 2023] worker1 localhost 0.005006
[Sun Apr 16 18:09:31 2023] worker1 localhost 0.007004
[Sun Apr 16 18:09:31 2023] worker1 localhost 0.018057
[Sun Apr 16 18:09:39 2023] worker1 localhost 0.006001
[Sun Apr 16 18:09:39 2023] worker1 localhost 0.002000
[Sun Apr 16 18:09:39 2023] worker1 localhost 0.005001
[Sun Apr 16 18:09:39 2023] worker1 localhost 0.015998
[Sun Apr 16 18:09:43 2023] worker1 localhost 0.004992
[Sun Apr 16 18:09:43 2023] worker1 localhost 0.003000
[Sun Apr 16 18:09:43 2023] worker1 localhost 0.006001
[Sun Apr 16 18:09:45 2023] worker1 localhost 0.002001
[Sun Apr 16 18:09:45 2023] worker1 localhost 0.004001
[Sun Apr 16 18:09:45 2023] worker1 localhost 0.005001
[Sun Apr 16 18:09:45 2023] worker1 localhost 0.016004
[Sun Apr 16 18:11:11 2023] worker1 localhost 0.150738
[Sun Apr 16 18:11:11 2023] worker1 localhost 0.002001
[Sun Apr 16 18:11:21 2023] worker1 localhost 0.004001
[Sun Apr 16 18:11:21 2023] worker1 localhost 0.002001
[Sun Apr 16 18:12:45 2023] worker1 localhost 0.002000
[Sun Apr 16 18:12:45 2023] worker1 localhost 0.002000
[Sun Apr 16 18:12:46 2023] worker1 localhost 0.002001
[Sun Apr 16 18:12:46 2023] worker1 localhost 0.002002
[Sun Apr 16 18:12:51 2023] worker1 localhost 0.003001
[Sun Apr 16 18:12:51 2023] worker1 localhost 0.001999
[Sun Apr 16 18:13:24 2023] worker1 localhost 0.003001
[Sun Apr 16 18:13:24 2023] worker1 localhost 0.000999
[Sun Apr 16 18:14:15 2023] worker1 localhost 0.225050
[Sun Apr 16 18:14:15 2023] worker1 localhost 0.004000
[Sun Apr 16 18:15:02 2023] worker1 localhost 0.009003
[Sun Apr 16 18:15:02 2023] worker1 localhost 0.005428
[Sun Apr 16 18:15:04 2023] worker1 localhost 0.401090
[Sun Apr 16 18:15:04 2023] worker1 localhost 0.002000
[Sun Apr 16 18:15:51 2023] worker1 localhost 0.196212
[Sun Apr 16 18:15:51 2023] worker1 localhost 0.025007
[Sun Apr 16 18:16:10 2023] worker1 localhost 0.002001
[Sun Apr 16 18:16:25 2023] worker1 localhost 0.249249
[Sun Apr 16 18:16:37 2023] worker1 localhost 0.152034
[Sun Apr 16 18:16:40 2023] worker1 localhost 0.155178
[Sun Apr 16 18:16:40 2023] worker1 localhost 0.004002
[Sun Apr 16 18:16:58 2023] worker1 localhost 0.015017
[Sun Apr 16 18:17:14 2023] worker1 localhost 0.021005
[Sun Apr 16 18:17:19 2023] worker1 localhost 0.185041
[Sun Apr 16 18:17:19 2023] worker1 localhost 0.015003
[Sun Apr 16 18:17:58 2023] worker1 localhost 0.004002
[Sun Apr 16 18:17:58 2023] worker1 localhost 0.025007
[Sun Apr 16 18:18:32 2023] worker1 localhost 0.165140
[Sun Apr 16 18:18:32 2023] worker1 localhost 0.020005
[Sun Apr 16 18:18:57 2023] worker1 localhost 0.003002
[Sun Apr 16 18:18:57 2023] worker1 localhost 0.018004
[Sun Apr 16 18:19:21 2023] worker1 localhost 0.155025
[Sun Apr 16 18:19:21 2023] worker1 localhost 0.027005
[Sun Apr 16 18:20:17 2023] worker1 localhost 0.112060
[Sun Apr 16 18:20:18 2023] worker1 localhost 0.019243
[Sun Apr 16 18:20:51 2023] worker1 localhost 0.003084
[Sun Apr 16 18:20:51 2023] worker1 localhost 0.016005
[Sun Apr 16 18:21:48 2023] worker1 localhost 0.156862
[Sun Apr 16 18:21:48 2023] worker1 localhost 0.018005
[Sun Apr 16 18:22:07 2023] worker1 localhost 0.003002
[Sun Apr 16 18:22:07 2023] worker1 localhost 0.019006
[Sun Apr 16 18:28:27 2023] worker1 localhost 0.220069
[Sun Apr 16 18:28:27 2023] worker1 localhost 0.021004
[Sun Apr 16 18:28:27 2023] worker1 localhost 0.021004
[Sun Apr 16 18:28:27 2023] worker1 localhost 0.011002
[Sun Apr 16 18:29:59 2023] worker1 localhost 0.143381
[Sun Apr 16 18:29:59 2023] worker1 localhost 0.005002
[Sun Apr 16 18:29:59 2023] worker1 localhost 0.004001
[Sun Apr 16 18:29:59 2023] worker1 localhost 0.004000
[Sun Apr 16 19:26:39 2023] worker1 localhost 0.134525
[Sun Apr 16 19:26:39 2023] worker1 localhost 0.004001
[Sun Apr 16 19:26:39 2023] worker1 localhost 0.004002
[Sun Apr 16 19:26:39 2023] worker1 localhost 0.004000
[Sun Apr 16 19:30:44 2023] worker1 localhost 0.136918
[Sun Apr 16 19:30:44 2023] worker1 localhost 0.004001
[Sun Apr 16 19:30:44 2023] worker1 localhost 0.004001
[Sun Apr 16 19:30:44 2023] worker1 localhost 0.004001
[Sun Apr 16 19:31:18 2023] worker1 localhost 0.143747
[Sun Apr 16 19:31:18 2023] worker1 localhost 0.004001
[Sun Apr 16 19:31:18 2023] worker1 localhost 0.003000
[Sun Apr 16 19:31:18 2023] worker1 localhost 0.004001
[Sun Apr 16 19:31:25 2023] worker1 localhost 0.003000
[Sun Apr 16 19:31:25 2023] worker1 localhost 0.003405
[Sun Apr 16 19:31:25 2023] worker1 localhost 0.003405
[Sun Apr 16 19:31:25 2023] worker1 localhost 0.006010
[Sun Apr 16 19:31:29 2023] worker1 localhost 0.001537
[Sun Apr 16 19:31:29 2023] worker1 localhost 0.003000
[Sun Apr 16 19:31:29 2023] worker1 localhost 0.003000
[Sun Apr 16 19:31:29 2023] worker1 localhost 0.004000
[Sun Apr 16 19:31:32 2023] worker1 localhost 0.002002
[Sun Apr 16 19:31:32 2023] worker1 localhost 0.003000
[Sun Apr 16 19:31:32 2023] worker1 localhost 0.003000
[Sun Apr 16 19:31:32 2023] worker1 localhost 0.001999
[Sun Apr 16 19:31:32 2023] worker1 localhost 0.003999
[Sun Apr 16 19:31:39 2023] worker1 localhost 0.140470
[Sun Apr 16 19:31:39 2023] worker1 localhost 0.003001
[Sun Apr 16 19:31:39 2023] worker1 localhost 0.003001
[Sun Apr 16 19:31:39 2023] worker1 localhost 0.004001
[Sun Apr 16 19:32:03 2023] worker1 localhost 0.136030
[Sun Apr 16 19:32:03 2023] worker1 localhost 0.004001
[Sun Apr 16 19:32:03 2023] worker1 localhost 0.003001
[Sun Apr 16 19:32:03 2023] worker1 localhost 0.005001
[Sun Apr 16 19:32:15 2023] worker1 localhost 0.082296
[Sun Apr 16 19:32:15 2023] worker1 localhost 0.003001
[Sun Apr 16 19:32:15 2023] worker1 localhost 0.003001
[Sun Apr 16 19:32:15 2023] worker1 localhost 0.003001
[Sun Apr 16 19:32:39 2023] worker1 localhost 0.080018
[Sun Apr 16 19:32:39 2023] worker1 localhost 0.004001
[Sun Apr 16 19:32:39 2023] worker1 localhost 0.003002
[Sun Apr 16 19:32:39 2023] worker1 localhost 0.004001
[Sun Apr 16 19:32:59 2023] worker1 localhost 0.137029
[Sun Apr 16 19:32:59 2023] worker1 localhost 0.003000
[Sun Apr 16 19:32:59 2023] worker1 localhost 0.004001
[Sun Apr 16 19:32:59 2023] worker1 localhost 0.004001
[Sun Apr 16 19:33:19 2023] worker1 localhost 0.134728
[Sun Apr 16 19:33:19 2023] worker1 localhost 0.004002
[Sun Apr 16 19:33:19 2023] worker1 localhost 0.004002
[Sun Apr 16 19:33:19 2023] worker1 localhost 0.004000
[Sun Apr 16 19:33:52 2023] worker1 localhost 0.081016
[Sun Apr 16 19:33:52 2023] worker1 localhost 0.003000
[Sun Apr 16 19:33:52 2023] worker1 localhost 0.003000
[Sun Apr 16 19:33:52 2023] worker1 localhost 0.004001
[Sun Apr 16 19:34:09 2023] worker1 localhost 0.132498
[Sun Apr 16 19:34:09 2023] worker1 localhost 0.003001
[Sun Apr 16 19:34:09 2023] worker1 localhost 0.003001
[Sun Apr 16 19:34:09 2023] worker1 localhost 0.004001
[Sun Apr 16 19:34:25 2023] worker1 localhost 0.132516
[Sun Apr 16 19:34:25 2023] worker1 localhost 0.003002
[Sun Apr 16 19:34:25 2023] worker1 localhost 0.003000
[Sun Apr 16 19:34:25 2023] worker1 localhost 0.004001
[Sun Apr 16 19:34:35 2023] worker1 localhost 0.133548
[Sun Apr 16 19:34:35 2023] worker1 localhost 0.004000
[Sun Apr 16 19:34:35 2023] worker1 localhost 0.004000
[Sun Apr 16 19:34:35 2023] worker1 localhost 0.004002
[Sun Apr 16 19:36:36 2023] worker1 localhost 0.132993
[Sun Apr 16 19:42:41 2023] worker1 localhost 0.137118
[Sun Apr 16 19:43:03 2023] worker1 localhost 0.134793
[Sun Apr 16 19:43:10 2023] worker1 localhost 0.078008
[Sun Apr 16 19:43:13 2023] worker1 localhost 0.002002
[Sun Apr 16 19:43:19 2023] worker1 localhost 0.003000
[Sun Apr 16 19:43:31 2023] worker1 localhost 0.141140
[Sun Apr 16 19:43:49 2023] worker1 localhost 0.081018
[Sun Apr 16 19:43:58 2023] worker1 localhost 0.130975
[Sun Apr 16 19:46:13 2023] worker1 localhost 0.134956
[Sun Apr 16 19:46:23 2023] worker1 localhost 0.153034
[Sun Apr 16 19:46:35 2023] worker1 localhost 0.129860
[Sun Apr 16 19:46:41 2023] worker1 localhost 0.131710
[Sun Apr 16 19:46:49 2023] worker1 localhost 0.077017
[Sun Apr 16 19:48:15 2023] worker1 localhost 0.136030
[Sun Apr 16 19:48:29 2023] worker1 localhost 0.081017
[Sun Apr 16 19:48:35 2023] worker1 localhost 0.130028
[Sun Apr 16 19:50:05 2023] worker1 localhost 0.101022
[Sun Apr 16 19:55:31 2023] [17212:14640] [error] ajp_send_request::jk_ajp_common.c (1724): (worker1) connecting to backend failed. Tomcat is probably not started or is listening on the wrong port (errno=61)
[Sun Apr 16 19:55:33 2023] [17212:14640] [error] ajp_send_request::jk_ajp_common.c (1724): (worker1) connecting to backend failed. Tomcat is probably not started or is listening on the wrong port (errno=61)
[Sun Apr 16 19:55:33 2023] [17212:14640] [error] ajp_service::jk_ajp_common.c (2795): (worker1) connecting to tomcat failed (rc=-3, errors=1, client_errors=0).
[Sun Apr 16 19:55:33 2023] worker1 localhost 4.213798
[Sun Apr 16 19:55:35 2023] [17212:14640] [error] ajp_send_request::jk_ajp_common.c (1724): (worker1) connecting to backend failed. Tomcat is probably not started or is listening on the wrong port (errno=61)
[Sun Apr 16 19:55:37 2023] [17212:14640] [error] ajp_send_request::jk_ajp_common.c (1724): (worker1) connecting to backend failed. Tomcat is probably not started or is listening on the wrong port (errno=61)
[Sun Apr 16 19:55:37 2023] [17212:14640] [error] ajp_service::jk_ajp_common.c (2795): (worker1) connecting to tomcat failed (rc=-3, errors=2, client_errors=0).
[Sun Apr 16 19:55:37 2023] worker1 localhost 4.206551
[Sun Apr 16 19:55:39 2023] [17212:19536] [error] ajp_send_request::jk_ajp_common.c (1724): (worker1) connecting to backend failed. Tomcat is probably not started or is listening on the wrong port (errno=61)
[Sun Apr 16 19:55:45 2023] worker1 localhost 8.029593
[Sun Apr 16 19:55:57 2023] worker1 localhost 0.003082
[Sun Apr 16 19:58:39 2023] worker1 localhost 0.513220
[Sun Apr 16 20:33:59 2023] worker1 localhost 29.285182
[Sun Apr 16 20:33:59 2023] worker1 localhost 0.002000
[Sun Apr 16 20:33:59 2023] worker1 localhost 0.003294
[Sun Apr 16 20:35:53 2023] worker1 localhost 0.004183
[Sun Apr 16 20:37:10 2023] worker1 localhost 0.005000
[Sun Apr 16 20:37:10 2023] worker1 localhost 0.002000
[Sun Apr 16 20:38:17 2023] worker1 localhost 0.010002
[Sun Apr 16 20:45:16 2023] worker1 localhost 0.117682
[Sun Apr 16 20:46:12 2023] worker1 localhost 0.146033
[Sun Apr 16 20:48:17 2023] worker1 localhost 0.173038
[Sun Apr 16 20:51:20 2023] worker1 localhost 0.152366
[Sun Apr 16 20:51:44 2023] worker1 localhost 0.149211
[Sun Apr 16 20:52:08 2023] worker1 localhost 0.142445
[Sun Apr 16 20:52:24 2023] worker1 localhost 0.088319
[Sun Apr 16 20:54:40 2023] worker1 localhost 0.137667
[Sun Apr 16 20:55:25 2023] worker1 localhost 0.209543
[Sun Apr 16 20:57:13 2023] worker1 localhost 0.004000
[Sun Apr 16 20:57:21 2023] worker1 localhost 0.135864
[Sun Apr 16 20:59:02 2023] worker1 localhost 0.150527
[Sun Apr 16 20:59:32 2023] worker1 localhost 0.153452
[Sun Apr 16 21:01:18 2023] worker1 localhost 0.137019
[Sun Apr 16 21:02:04 2023] worker1 localhost 0.085702
[Sun Apr 16 21:02:35 2023] worker1 localhost 0.138170
[Sun Apr 16 21:03:22 2023] worker1 localhost 0.132864
[Sun Apr 16 21:06:18 2023] worker1 localhost 0.089514
[Sun Apr 16 21:06:55 2023] worker1 localhost 0.082829
[Sun Apr 16 21:07:10 2023] worker1 localhost 0.134828
[Sun Apr 16 21:07:23 2023] worker1 localhost 0.136651
[Sun Apr 16 21:09:48 2023] worker1 localhost 0.135822
[Sun Apr 16 21:10:57 2023] worker1 localhost 0.136209
[Mon Apr 17 16:01:29 2023] worker1 localhost 0.013594
[Mon Apr 17 16:01:36 2023] worker1 localhost 0.061014
[Mon Apr 17 16:02:42 2023] worker1 localhost 0.006003
[Mon Apr 17 16:02:46 2023] worker1 localhost 0.005000
[Mon Apr 17 16:03:57 2023] worker1 localhost 0.009002
[Mon Apr 17 16:04:19 2023] worker1 localhost 0.461897
[Mon Apr 17 16:06:49 2023] worker1 localhost 0.004374
[Mon Apr 17 16:31:30 2023] worker1 localhost 0.004000
[Mon Apr 17 16:31:45 2023] worker1 localhost 0.002001
[Mon Apr 17 16:35:16 2023] worker1 localhost 0.006011
[Mon Apr 17 16:35:17 2023] worker1 localhost 0.001365
[Mon Apr 17 16:36:41 2023] worker1 localhost 0.003001
[Mon Apr 17 17:59:19 2023] worker1 localhost 0.013003
[Mon Apr 17 17:59:24 2023] worker1 localhost 0.066015
[Mon Apr 17 18:06:58 2023] worker1 localhost 0.016003
[Tue Apr 18 11:38:08 2023] [13328:2328] [error] ajp_send_request::jk_ajp_common.c (1724): (worker1) connecting to backend failed. Tomcat is probably not started or is listening on the wrong port (errno=61)
[Tue Apr 18 11:38:10 2023] [13328:2328] [error] ajp_send_request::jk_ajp_common.c (1724): (worker1) connecting to backend failed. Tomcat is probably not started or is listening on the wrong port (errno=61)
[Tue Apr 18 11:38:10 2023] [13328:2328] [error] ajp_service::jk_ajp_common.c (2795): (worker1) connecting to tomcat failed (rc=-3, errors=1, client_errors=0).
[Tue Apr 18 11:38:10 2023] worker1 localhost 4.145426
[Thu Apr 20 09:51:20 2023] worker1 localhost 0.013060
[Thu Apr 20 09:51:20 2023] worker1 localhost 0.012003
[Thu Apr 20 10:08:32 2023] worker1 localhost 0.119910
[Thu Apr 20 10:08:44 2023] worker1 localhost 0.102331
[Thu Apr 20 10:09:10 2023] worker1 localhost 0.158463
[Thu Apr 20 10:09:16 2023] worker1 localhost 0.106025
[Thu Apr 20 10:09:41 2023] worker1 localhost 0.003408
[Thu Apr 20 10:09:43 2023] worker1 localhost 0.002001
[Thu Apr 20 10:09:46 2023] worker1 localhost 0.003000
[Thu Apr 20 10:10:31 2023] worker1 localhost 0.099794
[Thu Apr 20 10:10:46 2023] worker1 localhost 0.117264
[Thu Apr 20 11:14:56 2023] worker1 localhost 0.197046
[Thu Apr 20 11:23:34 2023] worker1 localhost 0.222336
[Thu Apr 20 11:24:07 2023] worker1 localhost 0.007002
[Thu Apr 20 16:11:55 2023] worker1 localhost 0.300928
[Thu Apr 20 16:11:56 2023] worker1 localhost 0.012003
[Thu Apr 20 16:11:56 2023] worker1 localhost 0.032008
[Thu Apr 20 16:11:56 2023] worker1 localhost 0.031008
[Thu Apr 20 16:11:56 2023] worker1 localhost 0.039010
[Thu Apr 20 16:11:56 2023] worker1 localhost 0.034007
[Thu Apr 20 16:11:56 2023] worker1 localhost 0.004000
[Thu Apr 20 16:11:58 2023] worker1 localhost 0.003001
[Thu Apr 20 16:11:58 2023] worker1 localhost 0.005001
[Thu Apr 20 16:11:58 2023] worker1 localhost 0.002002
[Thu Apr 20 16:11:58 2023] worker1 localhost 0.002000
[Thu Apr 20 16:11:58 2023] worker1 localhost 0.020004
[Thu Apr 20 16:13:12 2023] worker1 localhost 0.041978
[Thu Apr 20 16:13:20 2023] worker1 localhost 0.149108
[Thu Apr 20 16:13:20 2023] worker1 localhost 0.003001
[Thu Apr 20 16:13:20 2023] worker1 localhost 0.006002
[Thu Apr 20 16:13:20 2023] worker1 localhost 0.005809
[Thu Apr 20 16:13:20 2023] worker1 localhost 0.007002
[Thu Apr 20 16:13:20 2023] worker1 localhost 0.011003
[Thu Apr 20 16:13:20 2023] worker1 localhost 0.002001
[Thu Apr 20 16:13:20 2023] worker1 localhost 0.005001
[Thu Apr 20 16:13:20 2023] worker1 localhost 0.002000
[Thu Apr 20 16:13:37 2023] worker1 localhost 0.132031
[Thu Apr 20 16:13:37 2023] worker1 localhost 0.002000
[Thu Apr 20 16:13:37 2023] worker1 localhost 0.004999
[Thu Apr 20 16:13:37 2023] worker1 localhost 0.004002
[Thu Apr 20 16:13:37 2023] worker1 localhost 0.005004
[Thu Apr 20 16:13:37 2023] worker1 localhost 0.007002
[Thu Apr 20 16:13:37 2023] worker1 localhost 0.002000
[Thu Apr 20 16:13:37 2023] worker1 localhost 0.006001
[Thu Apr 20 16:13:37 2023] worker1 localhost 0.002000
[Thu Apr 20 16:13:44 2023] worker1 localhost 0.150412
[Thu Apr 20 16:13:44 2023] worker1 localhost 0.003001
[Thu Apr 20 16:13:44 2023] worker1 localhost 0.006002
[Thu Apr 20 16:13:44 2023] worker1 localhost 0.005002
[Thu Apr 20 16:13:44 2023] worker1 localhost 0.005002
[Thu Apr 20 16:13:44 2023] worker1 localhost 0.007003
[Thu Apr 20 16:13:44 2023] worker1 localhost 0.002000
[Thu Apr 20 16:13:44 2023] worker1 localhost 0.004999
[Thu Apr 20 16:13:44 2023] worker1 localhost 0.003001
[Thu Apr 20 16:14:22 2023] worker1 localhost 0.162037
[Thu Apr 20 16:14:22 2023] worker1 localhost 0.002001
[Thu Apr 20 16:14:22 2023] worker1 localhost 0.005002
[Thu Apr 20 16:14:22 2023] worker1 localhost 0.004001
[Thu Apr 20 16:14:22 2023] worker1 localhost 0.004001
[Thu Apr 20 16:14:22 2023] worker1 localhost 0.005002
[Thu Apr 20 16:14:22 2023] worker1 localhost 0.002001
[Thu Apr 20 16:14:22 2023] worker1 localhost 0.004001
[Thu Apr 20 16:14:22 2023] worker1 localhost 0.003003
[Thu Apr 20 16:14:35 2023] worker1 localhost 0.007001
[Thu Apr 20 16:14:35 2023] worker1 localhost 0.001001
[Thu Apr 20 16:14:35 2023] worker1 localhost 0.004002
[Thu Apr 20 16:14:35 2023] worker1 localhost 0.003001
[Thu Apr 20 16:14:35 2023] worker1 localhost 0.002001
[Thu Apr 20 16:14:35 2023] worker1 localhost 0.004002
[Thu Apr 20 16:14:35 2023] worker1 localhost 0.002001
[Thu Apr 20 16:14:35 2023] worker1 localhost 0.005001
[Thu Apr 20 16:14:35 2023] worker1 localhost 0.002001
[Thu Apr 20 16:14:39 2023] worker1 localhost 0.003000
[Thu Apr 20 16:14:39 2023] worker1 localhost 0.003001
[Thu Apr 20 16:14:39 2023] worker1 localhost 0.001000
[Thu Apr 20 16:14:39 2023] worker1 localhost 0.003002
[Thu Apr 20 16:14:39 2023] worker1 localhost 0.002000
[Thu Apr 20 16:14:39 2023] worker1 localhost 0.005002
[Thu Apr 20 16:14:39 2023] worker1 localhost 0.001000
[Thu Apr 20 16:14:39 2023] worker1 localhost 0.004001
[Thu Apr 20 16:14:39 2023] worker1 localhost 0.001000
[Thu Apr 20 16:14:41 2023] worker1 localhost 0.002000
[Thu Apr 20 16:14:41 2023] worker1 localhost 0.001000
[Thu Apr 20 16:14:41 2023] worker1 localhost 0.004004
[Thu Apr 20 16:14:41 2023] worker1 localhost 0.003003
[Thu Apr 20 16:14:41 2023] worker1 localhost 0.005002
[Thu Apr 20 16:14:41 2023] worker1 localhost 0.007002
[Thu Apr 20 16:14:41 2023] worker1 localhost 0.001999
[Thu Apr 20 16:14:41 2023] worker1 localhost 0.004000
[Thu Apr 20 16:14:41 2023] worker1 localhost 0.001000
[Thu Apr 20 16:15:07 2023] worker1 localhost 0.131563
[Thu Apr 20 16:15:07 2023] worker1 localhost 0.002000
[Thu Apr 20 16:15:07 2023] worker1 localhost 0.005002
[Thu Apr 20 16:15:07 2023] worker1 localhost 0.004002
[Thu Apr 20 16:15:07 2023] worker1 localhost 0.004002
[Thu Apr 20 16:15:07 2023] worker1 localhost 0.006002
[Thu Apr 20 16:15:07 2023] worker1 localhost 0.003002
[Thu Apr 20 16:15:07 2023] worker1 localhost 0.005004
[Thu Apr 20 16:15:07 2023] worker1 localhost 0.002000
[Thu Apr 20 16:15:19 2023] worker1 localhost 0.005000
[Thu Apr 20 16:15:19 2023] worker1 localhost 0.000999
[Thu Apr 20 16:15:19 2023] worker1 localhost 0.003002
[Thu Apr 20 16:15:19 2023] worker1 localhost 0.003002
[Thu Apr 20 16:15:19 2023] worker1 localhost 0.003001
[Thu Apr 20 16:15:19 2023] worker1 localhost 0.004001
[Thu Apr 20 16:15:19 2023] worker1 localhost 0.002001
[Thu Apr 20 16:15:19 2023] worker1 localhost 0.005000
[Thu Apr 20 16:15:19 2023] worker1 localhost 0.001000
[Thu Apr 20 16:15:19 2023] worker1 localhost 0.002003
[Thu Apr 20 16:15:25 2023] worker1 localhost 0.003000
[Thu Apr 20 16:15:25 2023] worker1 localhost 0.001000
[Thu Apr 20 16:15:25 2023] worker1 localhost 0.002000
[Thu Apr 20 16:15:25 2023] worker1 localhost 0.003000
[Thu Apr 20 16:15:25 2023] worker1 localhost 0.003001
[Thu Apr 20 16:15:25 2023] worker1 localhost 0.005001
[Thu Apr 20 16:15:25 2023] worker1 localhost 0.001000
[Thu Apr 20 16:15:25 2023] worker1 localhost 0.004001
[Thu Apr 20 16:15:25 2023] worker1 localhost 0.002001
[Thu Apr 20 16:16:09 2023] worker1 localhost 0.006999
[Thu Apr 20 16:16:09 2023] worker1 localhost 0.003001
[Thu Apr 20 16:16:09 2023] worker1 localhost 0.006002
[Thu Apr 20 16:16:09 2023] worker1 localhost 0.006002
[Thu Apr 20 16:16:09 2023] worker1 localhost 0.005002
[Thu Apr 20 16:16:09 2023] worker1 localhost 0.008002
[Thu Apr 20 16:16:09 2023] worker1 localhost 0.003000
[Thu Apr 20 16:16:09 2023] worker1 localhost 0.006002
[Thu Apr 20 16:16:10 2023] worker1 localhost 0.000999
[Thu Apr 20 16:16:22 2023] worker1 localhost 0.137297
[Thu Apr 20 16:16:23 2023] worker1 localhost 0.001000
[Thu Apr 20 16:16:23 2023] worker1 localhost 0.004002
[Thu Apr 20 16:16:23 2023] worker1 localhost 0.005003
[Thu Apr 20 16:16:23 2023] worker1 localhost 0.004001
[Thu Apr 20 16:16:23 2023] worker1 localhost 0.005002
[Thu Apr 20 16:16:23 2023] worker1 localhost 0.000999
[Thu Apr 20 16:16:23 2023] worker1 localhost 0.004000
[Thu Apr 20 16:16:23 2023] worker1 localhost 0.001000
[Thu Apr 20 16:17:48 2023] worker1 localhost 0.149032
[Thu Apr 20 16:17:48 2023] worker1 localhost 0.002000
[Thu Apr 20 16:17:48 2023] worker1 localhost 0.003001
[Thu Apr 20 16:17:48 2023] worker1 localhost 0.004002
[Thu Apr 20 16:17:48 2023] worker1 localhost 0.004003
[Thu Apr 20 16:17:48 2023] worker1 localhost 0.006002
[Thu Apr 20 16:17:48 2023] worker1 localhost 0.002001
[Thu Apr 20 16:17:48 2023] worker1 localhost 0.005002
[Thu Apr 20 16:17:48 2023] worker1 localhost 0.002000
[Thu Apr 20 16:18:05 2023] worker1 localhost 0.128088
[Thu Apr 20 16:18:05 2023] worker1 localhost 0.004001
[Thu Apr 20 16:18:05 2023] worker1 localhost 0.003001
[Thu Apr 20 16:18:05 2023] worker1 localhost 0.003000
[Thu Apr 20 16:18:05 2023] worker1 localhost 0.004000
[Thu Apr 20 16:18:05 2023] worker1 localhost 0.004000
[Thu Apr 20 16:18:05 2023] worker1 localhost 0.002000
[Thu Apr 20 16:18:05 2023] worker1 localhost 0.004000
[Thu Apr 20 16:18:05 2023] worker1 localhost 0.001001
[Thu Apr 20 16:18:05 2023] worker1 localhost 0.001000
[Thu Apr 20 16:18:25 2023] worker1 localhost 0.137091
[Thu Apr 20 16:18:25 2023] worker1 localhost 0.004001
[Thu Apr 20 16:18:25 2023] worker1 localhost 0.002999
[Thu Apr 20 16:18:25 2023] worker1 localhost 0.004002
[Thu Apr 20 16:18:25 2023] worker1 localhost 0.004002
[Thu Apr 20 16:18:25 2023] worker1 localhost 0.005002
[Thu Apr 20 16:18:25 2023] worker1 localhost 0.002001
[Thu Apr 20 16:18:25 2023] worker1 localhost 0.005001
[Thu Apr 20 16:18:26 2023] worker1 localhost 0.001000
[Thu Apr 20 16:18:26 2023] worker1 localhost 0.002000
[Thu Apr 20 16:18:35 2023] worker1 localhost 0.162062
[Thu Apr 20 16:18:35 2023] worker1 localhost 0.004001
[Thu Apr 20 16:18:35 2023] worker1 localhost 0.006084
[Thu Apr 20 16:18:35 2023] worker1 localhost 0.005002
[Thu Apr 20 16:18:35 2023] worker1 localhost 0.006001
[Thu Apr 20 16:18:35 2023] worker1 localhost 0.008003
[Thu Apr 20 16:18:35 2023] worker1 localhost 0.002001
[Thu Apr 20 16:18:35 2023] worker1 localhost 0.005001
[Thu Apr 20 16:18:35 2023] worker1 localhost 0.002000
[Thu Apr 20 16:18:35 2023] worker1 localhost 0.001000
[Thu Apr 20 16:18:35 2023] worker1 localhost 0.001001
[Thu Apr 20 16:18:41 2023] worker1 localhost 0.166038
[Thu Apr 20 16:18:41 2023] worker1 localhost 0.005001
[Thu Apr 20 16:18:41 2023] worker1 localhost 0.004001
[Thu Apr 20 16:18:41 2023] worker1 localhost 0.005002
[Thu Apr 20 16:18:41 2023] worker1 localhost 0.005001
[Thu Apr 20 16:18:41 2023] worker1 localhost 0.009002
[Thu Apr 20 16:18:41 2023] worker1 localhost 0.002001
[Thu Apr 20 16:18:41 2023] worker1 localhost 0.005002
[Thu Apr 20 16:18:41 2023] worker1 localhost 0.002000
[Thu Apr 20 16:18:41 2023] worker1 localhost 0.001000
[Thu Apr 20 16:23:49 2023] worker1 localhost 0.161941
[Thu Apr 20 16:23:49 2023] worker1 localhost 0.006000
[Thu Apr 20 16:23:49 2023] worker1 localhost 0.004806
[Thu Apr 20 16:23:49 2023] worker1 localhost 0.004002
[Thu Apr 20 16:23:49 2023] worker1 localhost 0.005807
[Thu Apr 20 16:23:49 2023] worker1 localhost 0.006808
[Thu Apr 20 16:23:49 2023] worker1 localhost 0.002000
[Thu Apr 20 16:23:49 2023] worker1 localhost 0.006001
[Thu Apr 20 16:23:49 2023] worker1 localhost 0.002000
[Thu Apr 20 16:23:49 2023] worker1 localhost 0.002000
[Thu Apr 20 16:24:19 2023] worker1 localhost 0.127029
[Thu Apr 20 16:24:19 2023] worker1 localhost 0.003901
[Thu Apr 20 16:24:19 2023] worker1 localhost 0.003003
[Thu Apr 20 16:24:19 2023] worker1 localhost 0.002002
[Thu Apr 20 16:24:19 2023] worker1 localhost 0.003002
[Thu Apr 20 16:24:19 2023] worker1 localhost 0.004001
[Thu Apr 20 16:24:19 2023] worker1 localhost 0.001001
[Thu Apr 20 16:24:19 2023] worker1 localhost 0.003001
[Thu Apr 20 16:24:19 2023] worker1 localhost 0.002000
[Thu Apr 20 16:24:19 2023] worker1 localhost 0.001000
[Thu Apr 20 16:24:30 2023] worker1 localhost 0.004940
[Thu Apr 20 16:24:38 2023] worker1 localhost 0.129036
[Thu Apr 20 16:24:38 2023] worker1 localhost 0.004000
[Thu Apr 20 16:24:38 2023] worker1 localhost 0.004001
[Thu Apr 20 16:24:38 2023] worker1 localhost 0.004001
[Thu Apr 20 16:24:38 2023] worker1 localhost 0.006001
[Thu Apr 20 16:24:38 2023] worker1 localhost 0.006001
[Thu Apr 20 16:24:38 2023] worker1 localhost 0.002001
[Thu Apr 20 16:24:38 2023] worker1 localhost 0.005002
[Thu Apr 20 16:24:38 2023] worker1 localhost 0.001001
[Thu Apr 20 16:24:38 2023] worker1 localhost 0.001000
